This file contains any messages produced by compilers while
running configure, to aid debugging if configure makes a mistake.

It was created by reversi configure 1.0, which was
generated by GNU Autoconf 2.69.  Invocation command line was

  $ ../reversi-trunk/configure 

## --------- ##
## Platform. ##
## --------- ##

hostname = debian
uname -m = x86_64
uname -r = 4.19.0-10-amd64
uname -s = Linux
uname -v = #1 SMP Debian 4.19.132-1 (2020-07-24)

/usr/bin/uname -p = unknown
/bin/uname -X     = unknown

/bin/arch              = x86_64
/usr/bin/arch -k       = unknown
/usr/convex/getsysinfo = unknown
/usr/bin/hostinfo      = unknown
/bin/machine           = unknown
/usr/bin/oslevel       = unknown
/bin/universe          = unknown

PATH: /usr/local/bin
PATH: /usr/bin
PATH: /bin
PATH: /usr/local/games
PATH: /usr/games


## ----------- ##
## Core tests. ##
## ----------- ##

configure:1760: checking for a BSD-compatible install
configure:1828: result: /usr/bin/install -c
configure:1839: checking whether build environment is sane
configure:1894: result: yes
configure:2043: checking for a thread-safe mkdir -p
configure:2082: result: /usr/bin/mkdir -p
configure:2089: checking for gawk
configure:2119: result: no
configure:2089: checking for mawk
configure:2105: found /usr/bin/mawk
configure:2116: result: mawk
configure:2127: checking whether make sets $(MAKE)
configure:2149: result: yes
configure:2178: checking whether make supports nested variables
configure:2195: result: yes
configure:2326: checking for gawk
configure:2353: result: mawk
configure:2365: checking whether ln -s works
configure:2369: result: yes
configure:2376: checking whether make sets $(MAKE)
configure:2398: result: yes
configure:2548: checking that generated files are newer than configure
configure:2554: result: done
configure:2562: creating ./config.status

## ---------------------- ##
## Running config.status. ##
## ---------------------- ##

This file was extended by reversi config.status 1.0, which was
generated by GNU Autoconf 2.69.  Invocation command line was

  CONFIG_FILES    = 
  CONFIG_HEADERS  = 
  CONFIG_LINKS    = 
  CONFIG_COMMANDS = 
  $ ./config.status 

on debian

config.status:740: creating Makefile

## ---------------- ##
## Cache variables. ##
## ---------------- ##

ac_cv_env_build_alias_set=
ac_cv_env_build_alias_value=
ac_cv_env_host_alias_set=
ac_cv_env_host_alias_value=
ac_cv_env_target_alias_set=
ac_cv_env_target_alias_value=
ac_cv_path_install='/usr/bin/install -c'
ac_cv_path_mkdir=/usr/bin/mkdir
ac_cv_prog_AWK=mawk
ac_cv_prog_make_make_set=yes
am_cv_make_support_nested_variables=yes

## ----------------- ##
## Output variables. ##
## ----------------- ##

ACLOCAL='${SHELL} /home/student/Sandpit/reversi-trunk/missing aclocal-1.16'
AMTAR='$${TAR-tar}'
AM_BACKSLASH='\'
AM_DEFAULT_V='$(AM_DEFAULT_VERBOSITY)'
AM_DEFAULT_VERBOSITY='1'
AM_V='$(V)'
AUTOCONF='${SHELL} /home/student/Sandpit/reversi-trunk/missing autoconf'
AUTOHEADER='${SHELL} /home/student/Sandpit/reversi-trunk/missing autoheader'
AUTOMAKE='${SHELL} /home/student/Sandpit/reversi-trunk/missing automake-1.16'
AWK='mawk'
CYGPATH_W='echo'
DEFS='-DPACKAGE_NAME=\"reversi\" -DPACKAGE_TARNAME=\"reversi\" -DPACKAGE_VERSION=\"1.0\" -DPACKAGE_STRING=\"reversi\ 1.0\" -DPACKAGE_BUGREPORT=\"\" -DPACKAGE_URL=\"\" -DPACKAGE=\"reversi\" -DVERSION=\"1.0\"'
ECHO_C=''
ECHO_N='-n'
ECHO_T=''
INSTALL_DATA='${INSTALL} -m 644'
INSTALL_PROGRAM='${INSTALL}'
INSTALL_SCRIPT='${INSTALL}'
INSTALL_STRIP_PROGRAM='$(install_sh) -c -s'
LIBOBJS=''
LIBS=''
LN_S='ln -s'
LTLIBOBJS=''
MAKEINFO='${SHELL} /home/student/Sandpit/reversi-trunk/missing makeinfo'
MKDIR_P='/usr/bin/mkdir -p'
PACKAGE='reversi'
PACKAGE_BUGREPORT=''
PACKAGE_NAME='reversi'
PACKAGE_STRING='reversi 1.0'
PACKAGE_TARNAME='reversi'
PACKAGE_URL=''
PACKAGE_VERSION='1.0'
PATH_SEPARATOR=':'
SET_MAKE=''
SHELL='/bin/bash'
STRIP=''
VERSION='1.0'
am__isrc=' -I$(srcdir)'
am__leading_dot='.'
am__tar='$${TAR-tar} chof - "$$tardir"'
am__untar='$${TAR-tar} xf -'
bindir='${exec_prefix}/bin'
build_alias=''
datadir='${datarootdir}'
datarootdir='${prefix}/share'
docdir='${datarootdir}/doc/${PACKAGE_TARNAME}'
dvidir='${docdir}'
exec_prefix='${prefix}'
host_alias=''
htmldir='${docdir}'
includedir='${prefix}/include'
infodir='${datarootdir}/info'
install_sh='${SHELL} /home/student/Sandpit/reversi-trunk/install-sh'
libdir='${exec_prefix}/lib'
libexecdir='${exec_prefix}/libexec'
localedir='${datarootdir}/locale'
localstatedir='${prefix}/var'
mandir='${datarootdir}/man'
mkdir_p='$(MKDIR_P)'
oldincludedir='/usr/include'
pdfdir='${docdir}'
prefix='/usr/local'
program_transform_name='s,x,x,'
psdir='${docdir}'
runstatedir='${localstatedir}/run'
sbindir='${exec_prefix}/sbin'
sharedstatedir='${prefix}/com'
sysconfdir='${prefix}/etc'
target_alias=''

## ----------- ##
## confdefs.h. ##
## ----------- ##

/* confdefs.h */
#define PACKAGE_NAME "reversi"
#define PACKAGE_TARNAME "reversi"
#define PACKAGE_VERSION "1.0"
#define PACKAGE_STRING "reversi 1.0"
#define PACKAGE_BUGREPORT ""
#define PACKAGE_URL ""
#define PACKAGE "reversi"
#define VERSION "1.0"

configure: exit 0
